Restore Archived Project report for lab8
Tue May 02 12:14:15 2017
Quartus II 64-Bit Version 15.0.0 Build 145 04/22/2015 SJ Web Edition


---------------------
; Table of Contents ;
---------------------
  1. Legal Notice
  2. Restore Archived Project Summary
  3. Restore Archived Project Messages
  4. Files Restored
  5. Files Not Restored



----------------
; Legal Notice ;
----------------
Copyright (C) 1991-2015 Altera Corporation. All rights reserved.
Your use of Altera Corporation's design tools, logic functions 
and other software and tools, and its AMPP partner logic 
functions, and any output files from any of the foregoing 
(including device programming or simulation files), and any 
associated documentation or information are expressly subject 
to the terms and conditions of the Altera Program License 
Subscription Agreement, the Altera Quartus II License Agreement,
the Altera MegaCore Function License Agreement, or other 
applicable license agreement, including, without limitation, 
that your use is for the sole purpose of programming logic 
devices manufactured by Altera and sold by Altera or its 
authorized distributors.  Please refer to the applicable 
agreement for further details.



+-------------------------------------------------------------------------+
; Restore Archived Project Summary                                        ;
+---------------------------------+---------------------------------------+
; Restore Archived Project Status ; Successful - Tue May 02 12:14:15 2017 ;
; Revision Name                   ; lab8                                  ;
; Top-level Entity Name           ; lab8                                  ;
; Family                          ; Cyclone IV E                          ;
+---------------------------------+---------------------------------------+


+-----------------------------------+
; Restore Archived Project Messages ;
+-----------------------------------+
Info: Successfully restored 'C:/Users/alee/Documents/UIUCSchoolWork/ECE385/Lab8_provided/lab8_tmp_archive.qar' into the 'C:/Users/alee/Desktop/ECE385FinalProject' directory
Info: Generated report 'lab8.restore.rpt'


+-------------------------------------------------------------------------------------------------------------------------------------------------------+
; Files Restored                                                                                                                                        ;
+-------------------------------------------------------------------------------------------------------------------------------------------------------+
; File Name                                                                                                                                             ;
+-------------------------------------------------------------------------------------------------------------------------------------------------------+
; qar_info.json                                                                                                                                         ;
; Desktop/ECE385-HelperTools-master/ECE385-HelperTools-master/PNG To Hex/On-Chip Memory/GameOverROM.sv                                                  ;
; Desktop/ECE385-HelperTools-master/ECE385-HelperTools-master/PNG To Hex/On-Chip Memory/heartROM.sv                                                     ;
; Desktop/ECE385-HelperTools-master/ECE385-HelperTools-master/PNG To Hex/On-Chip Memory/ram.sv                                                          ;
; Desktop/ECE385-HelperTools-master/ECE385-HelperTools-master/PNG To Hex/On-Chip Memory/startROM.sv                                                     ;
; Desktop/ECE385-HelperTools-master/ECE385-HelperTools-master/PNG To Hex/On-Chip Memory/winROM.sv                                                       ;
; Desktop/commet code for ball collision.sv                                                                                                             ;
; Documents/UIUCSchoolWork/ECE385/Lab8_provided/Color_Mapper.sv                                                                                         ;
; Documents/UIUCSchoolWork/ECE385/Lab8_provided/HexDriver.sv                                                                                            ;
; Documents/UIUCSchoolWork/ECE385/Lab8_provided/SDC1.sdc                                                                                                ;
; Documents/UIUCSchoolWork/ECE385/Lab8_provided/VGA_controller.sv                                                                                       ;
; Documents/UIUCSchoolWork/ECE385/Lab8_provided/__lab7_usb.auto.qarlog                                                                                  ;
; Documents/UIUCSchoolWork/ECE385/Lab8_provided/ball.sv                                                                                                 ;
; Documents/UIUCSchoolWork/ECE385/Lab8_provided/block.sv                                                                                                ;
; Documents/UIUCSchoolWork/ECE385/Lab8_provided/brick.sv                                                                                                ;
; Documents/UIUCSchoolWork/ECE385/Lab8_provided/hpi_io_intf.sv                                                                                          ;
; Documents/UIUCSchoolWork/ECE385/Lab8_provided/lab7_soc.qsys                                                                                           ;
; Documents/UIUCSchoolWork/ECE385/Lab8_provided/lab7_usb.flow.rpt                                                                                       ;
; Documents/UIUCSchoolWork/ECE385/Lab8_provided/lab7_usb.map.rpt                                                                                        ;
; Documents/UIUCSchoolWork/ECE385/Lab8_provided/lab7_usb.map.summary                                                                                    ;
; Documents/UIUCSchoolWork/ECE385/Lab8_provided/lab7_usb.qsf                                                                                            ;
; Documents/UIUCSchoolWork/ECE385/Lab8_provided/lab8.qpf                                                                                                ;
; Documents/UIUCSchoolWork/ECE385/Lab8_provided/lab8.qsf                                                                                                ;
; Documents/UIUCSchoolWork/ECE385/Lab8_provided/lab8.sv                                                                                                 ;
; Documents/UIUCSchoolWork/ECE385/Lab8_provided/lab8_assignment_defaults.qdf                                                                            ;
; Documents/UIUCSchoolWork/ECE385/Lab8_provided/lab8_tmp_archive.qarlog                                                                                 ;
; Documents/UIUCSchoolWork/ECE385/Lab8_provided/mylog.txt.txt                                                                                           ;
; Documents/UIUCSchoolWork/ECE385/Lab8_provided/nios_system.qsys                                                                                        ;
; Documents/UIUCSchoolWork/ECE385/Lab8_provided/nios_system.sopcinfo                                                                                    ;
; Documents/UIUCSchoolWork/ECE385/Lab8_provided/nios_system/nios_system.cmp                                                                             ;
; Documents/UIUCSchoolWork/ECE385/Lab8_provided/nios_system/synthesis/nios_system.debuginfo                                                             ;
; Documents/UIUCSchoolWork/ECE385/Lab8_provided/nios_system/synthesis/nios_system.qip                                                                   ;
; Documents/UIUCSchoolWork/ECE385/Lab8_provided/nios_system/synthesis/nios_system.regmap                                                                ;
; Documents/UIUCSchoolWork/ECE385/Lab8_provided/nios_system/synthesis/nios_system.v                                                                     ;
; Documents/UIUCSchoolWork/ECE385/Lab8_provided/nios_system/synthesis/submodules/altera_avalon_sc_fifo.v                                                ;
; Documents/UIUCSchoolWork/ECE385/Lab8_provided/nios_system/synthesis/submodules/altera_avalon_st_clock_crosser.v                                       ;
; Documents/UIUCSchoolWork/ECE385/Lab8_provided/nios_system/synthesis/submodules/altera_avalon_st_handshake_clock_crosser.v                             ;
; Documents/UIUCSchoolWork/ECE385/Lab8_provided/nios_system/synthesis/submodules/altera_avalon_st_pipeline_base.v                                       ;
; Documents/UIUCSchoolWork/ECE385/Lab8_provided/nios_system/synthesis/submodules/altera_avalon_st_pipeline_stage.sv                                     ;
; Documents/UIUCSchoolWork/ECE385/Lab8_provided/nios_system/synthesis/submodules/altera_default_burst_converter.sv                                      ;
; Documents/UIUCSchoolWork/ECE385/Lab8_provided/nios_system/synthesis/submodules/altera_incr_burst_converter.sv                                         ;
; Documents/UIUCSchoolWork/ECE385/Lab8_provided/nios_system/synthesis/submodules/altera_merlin_address_alignment.sv                                     ;
; Documents/UIUCSchoolWork/ECE385/Lab8_provided/nios_system/synthesis/submodules/altera_merlin_arbitrator.sv                                            ;
; Documents/UIUCSchoolWork/ECE385/Lab8_provided/nios_system/synthesis/submodules/altera_merlin_burst_adapter.sv                                         ;
; Documents/UIUCSchoolWork/ECE385/Lab8_provided/nios_system/synthesis/submodules/altera_merlin_burst_adapter_13_1.sv                                    ;
; Documents/UIUCSchoolWork/ECE385/Lab8_provided/nios_system/synthesis/submodules/altera_merlin_burst_adapter_new.sv                                     ;
; Documents/UIUCSchoolWork/ECE385/Lab8_provided/nios_system/synthesis/submodules/altera_merlin_burst_adapter_uncmpr.sv                                  ;
; Documents/UIUCSchoolWork/ECE385/Lab8_provided/nios_system/synthesis/submodules/altera_merlin_burst_uncompressor.sv                                    ;
; Documents/UIUCSchoolWork/ECE385/Lab8_provided/nios_system/synthesis/submodules/altera_merlin_master_agent.sv                                          ;
; Documents/UIUCSchoolWork/ECE385/Lab8_provided/nios_system/synthesis/submodules/altera_merlin_master_translator.sv                                     ;
; Documents/UIUCSchoolWork/ECE385/Lab8_provided/nios_system/synthesis/submodules/altera_merlin_slave_agent.sv                                           ;
; Documents/UIUCSchoolWork/ECE385/Lab8_provided/nios_system/synthesis/submodules/altera_merlin_slave_translator.sv                                      ;
; Documents/UIUCSchoolWork/ECE385/Lab8_provided/nios_system/synthesis/submodules/altera_merlin_width_adapter.sv                                         ;
; Documents/UIUCSchoolWork/ECE385/Lab8_provided/nios_system/synthesis/submodules/altera_reset_controller.sdc                                            ;
; Documents/UIUCSchoolWork/ECE385/Lab8_provided/nios_system/synthesis/submodules/altera_reset_controller.v                                              ;
; Documents/UIUCSchoolWork/ECE385/Lab8_provided/nios_system/synthesis/submodules/altera_reset_synchronizer.v                                            ;
; Documents/UIUCSchoolWork/ECE385/Lab8_provided/nios_system/synthesis/submodules/altera_wrap_burst_converter.sv                                         ;
; Documents/UIUCSchoolWork/ECE385/Lab8_provided/nios_system/synthesis/submodules/lab7_soc_nios2_gen2_0_cpu.sdc                                          ;
; Documents/UIUCSchoolWork/ECE385/Lab8_provided/nios_system/synthesis/submodules/nios_system_Keycode.v                                                  ;
; Documents/UIUCSchoolWork/ECE385/Lab8_provided/nios_system/synthesis/submodules/nios_system_irq_mapper.sv                                              ;
; Documents/UIUCSchoolWork/ECE385/Lab8_provided/nios_system/synthesis/submodules/nios_system_jtag_uart_0.v                                              ;
; Documents/UIUCSchoolWork/ECE385/Lab8_provided/nios_system/synthesis/submodules/nios_system_mm_interconnect_0.v                                        ;
; Documents/UIUCSchoolWork/ECE385/Lab8_provided/nios_system/synthesis/submodules/nios_system_mm_interconnect_0_avalon_st_adapter.v                      ;
; Documents/UIUCSchoolWork/ECE385/Lab8_provided/nios_system/synthesis/submodules/nios_system_mm_interconnect_0_avalon_st_adapter_005.v                  ;
; Documents/UIUCSchoolWork/ECE385/Lab8_provided/nios_system/synthesis/submodules/nios_system_mm_interconnect_0_avalon_st_adapter_005_error_adapter_0.sv ;
; Documents/UIUCSchoolWork/ECE385/Lab8_provided/nios_system/synthesis/submodules/nios_system_mm_interconnect_0_avalon_st_adapter_error_adapter_0.sv     ;
; Documents/UIUCSchoolWork/ECE385/Lab8_provided/nios_system/synthesis/submodules/nios_system_mm_interconnect_0_cmd_demux.sv                             ;
; Documents/UIUCSchoolWork/ECE385/Lab8_provided/nios_system/synthesis/submodules/nios_system_mm_interconnect_0_cmd_demux_001.sv                         ;
; Documents/UIUCSchoolWork/ECE385/Lab8_provided/nios_system/synthesis/submodules/nios_system_mm_interconnect_0_cmd_mux.sv                               ;
; Documents/UIUCSchoolWork/ECE385/Lab8_provided/nios_system/synthesis/submodules/nios_system_mm_interconnect_0_cmd_mux_001.sv                           ;
; Documents/UIUCSchoolWork/ECE385/Lab8_provided/nios_system/synthesis/submodules/nios_system_mm_interconnect_0_router.sv                                ;
; Documents/UIUCSchoolWork/ECE385/Lab8_provided/nios_system/synthesis/submodules/nios_system_mm_interconnect_0_router_001.sv                            ;
; Documents/UIUCSchoolWork/ECE385/Lab8_provided/nios_system/synthesis/submodules/nios_system_mm_interconnect_0_router_002.sv                            ;
; Documents/UIUCSchoolWork/ECE385/Lab8_provided/nios_system/synthesis/submodules/nios_system_mm_interconnect_0_router_003.sv                            ;
; Documents/UIUCSchoolWork/ECE385/Lab8_provided/nios_system/synthesis/submodules/nios_system_mm_interconnect_0_router_007.sv                            ;
; Documents/UIUCSchoolWork/ECE385/Lab8_provided/nios_system/synthesis/submodules/nios_system_mm_interconnect_0_rsp_demux.sv                             ;
; Documents/UIUCSchoolWork/ECE385/Lab8_provided/nios_system/synthesis/submodules/nios_system_mm_interconnect_0_rsp_demux_001.sv                         ;
; Documents/UIUCSchoolWork/ECE385/Lab8_provided/nios_system/synthesis/submodules/nios_system_mm_interconnect_0_rsp_mux.sv                               ;
; Documents/UIUCSchoolWork/ECE385/Lab8_provided/nios_system/synthesis/submodules/nios_system_mm_interconnect_0_rsp_mux_001.sv                           ;
; Documents/UIUCSchoolWork/ECE385/Lab8_provided/nios_system/synthesis/submodules/nios_system_nios2_gen2_0_cpu.sdc                                       ;
; Documents/UIUCSchoolWork/ECE385/Lab8_provided/nios_system/synthesis/submodules/nios_system_nios2_qsys_0.v                                             ;
; Documents/UIUCSchoolWork/ECE385/Lab8_provided/nios_system/synthesis/submodules/nios_system_nios2_qsys_0_cpu.sdc                                       ;
; Documents/UIUCSchoolWork/ECE385/Lab8_provided/nios_system/synthesis/submodules/nios_system_nios2_qsys_0_cpu.v                                         ;
; Documents/UIUCSchoolWork/ECE385/Lab8_provided/nios_system/synthesis/submodules/nios_system_nios2_qsys_0_cpu_debug_slave_sysclk.v                      ;
; Documents/UIUCSchoolWork/ECE385/Lab8_provided/nios_system/synthesis/submodules/nios_system_nios2_qsys_0_cpu_debug_slave_tck.v                         ;
; Documents/UIUCSchoolWork/ECE385/Lab8_provided/nios_system/synthesis/submodules/nios_system_nios2_qsys_0_cpu_debug_slave_wrapper.v                     ;
; Documents/UIUCSchoolWork/ECE385/Lab8_provided/nios_system/synthesis/submodules/nios_system_nios2_qsys_0_cpu_ociram_default_contents.mif               ;
; Documents/UIUCSchoolWork/ECE385/Lab8_provided/nios_system/synthesis/submodules/nios_system_nios2_qsys_0_cpu_rf_ram_a.mif                              ;
; Documents/UIUCSchoolWork/ECE385/Lab8_provided/nios_system/synthesis/submodules/nios_system_nios2_qsys_0_cpu_rf_ram_b.mif                              ;
; Documents/UIUCSchoolWork/ECE385/Lab8_provided/nios_system/synthesis/submodules/nios_system_nios2_qsys_0_cpu_test_bench.v                              ;
; Documents/UIUCSchoolWork/ECE385/Lab8_provided/nios_system/synthesis/submodules/nios_system_onchip_memory2_0.hex                                       ;
; Documents/UIUCSchoolWork/ECE385/Lab8_provided/nios_system/synthesis/submodules/nios_system_onchip_memory2_0.v                                         ;
; Documents/UIUCSchoolWork/ECE385/Lab8_provided/nios_system/synthesis/submodules/nios_system_otg_hpi_address.v                                          ;
; Documents/UIUCSchoolWork/ECE385/Lab8_provided/nios_system/synthesis/submodules/nios_system_otg_hpi_cs.v                                               ;
; Documents/UIUCSchoolWork/ECE385/Lab8_provided/nios_system/synthesis/submodules/nios_system_otg_hpi_data.v                                             ;
; Documents/UIUCSchoolWork/ECE385/Lab8_provided/nios_system/synthesis/submodules/nios_system_sdram.v                                                    ;
; Documents/UIUCSchoolWork/ECE385/Lab8_provided/nios_system/synthesis/submodules/nios_system_sdram_pll.v                                                ;
; Documents/UIUCSchoolWork/ECE385/Lab8_provided/nios_system/synthesis/submodules/nios_system_sysid_qsys_0.v                                             ;
; desktop/ece385-helpertools-master/ece385-helpertools-master/png to hex/on-chip memory/scripts/sprite_bytes/back.txt                                   ;
; desktop/ece385-helpertools-master/ece385-helpertools-master/png to hex/on-chip memory/scripts/sprite_bytes/gameover.txt                               ;
; desktop/ece385-helpertools-master/ece385-helpertools-master/png to hex/on-chip memory/scripts/sprite_bytes/heart.txt                                  ;
; desktop/ece385-helpertools-master/ece385-helpertools-master/png to hex/on-chip memory/scripts/sprite_bytes/start.txt                                  ;
; desktop/ece385-helpertools-master/ece385-helpertools-master/png to hex/on-chip memory/scripts/sprite_bytes/tetris_i.txt                               ;
; desktop/ece385-helpertools-master/ece385-helpertools-master/png to hex/on-chip memory/scripts/sprite_bytes/youwin.txt                                 ;
; Documents/UIUCSchoolWork/ECE385/Lab8_provided/assignment_defaults.qdf                                                                                 ;
+-------------------------------------------------------------------------------------------------------------------------------------------------------+


+--------------------+
; Files Not Restored ;
+--------------------+
; File Name          ;
+--------------------+


